# JRE version: OpenJDK Runtime Environment Temurin-17.0.13+11 (17.0.13+11) (build 17.0.13+11)
# Java VM: OpenJDK 64-Bit Server VM Temurin-17.0.13+11 (17.0.13+11, mixed mode, tiered, compressed oops, compressed class ptrs, parallel gc, bsd-amd64)
Heap:
 PSYoungGen      total 22016K, used 3207K [0x00000007eab00000, 0x00000007ec880000, 0x0000000800000000)
  eden space 20480K, 8% used [0x00000007eab00000,0x00000007eaca3aa8,0x00000007ebf00000)
  from space 1536K, 99% used [0x00000007ec300000,0x00000007ec47e1c8,0x00000007ec480000)
  to   space 4096K, 0% used [0x00000007ebf00000,0x00000007ebf00000,0x00000007ec300000)
 ParOldGen       total 68608K, used 21818K [0x00000007c0000000, 0x00000007c4300000, 0x00000007eab00000)
  object space 68608K, 31% used [0x00000007c0000000,0x00000007c154e9e0,0x00000007c4300000)
 Metaspace       used 48922K, committed 49984K, reserved 1114112K
  class space    used 5246K, committed 5696K, reserved 1048576K
GC Heap History (20 events):
Event: 14.121 GC heap before
{Heap before GC invocations=7 (full 1):
 PSYoungGen      total 29696K, used 25600K [0x00000007eab00000, 0x00000007ece00000, 0x0000000800000000)
  eden space 25600K, 100% used [0x00000007eab00000,0x00000007ec400000,0x00000007ec400000)
  from space 4096K, 0% used [0x00000007ec400000,0x00000007ec400000,0x00000007ec800000)
  to   space 5120K, 0% used [0x00000007ec900000,0x00000007ec900000,0x00000007ece00000)
 ParOldGen       total 68608K, used 10555K [0x00000007c0000000, 0x00000007c4300000, 0x00000007eab00000)
  object space 68608K, 15% used [0x00000007c0000000,0x00000007c0a4edc0,0x00000007c4300000)
 Metaspace       used 24492K, committed 24960K, reserved 1114112K
  class space    used 2525K, committed 2752K, reserved 1048576K
}
Event: 14.152 GC heap after
{Heap after GC invocations=7 (full 1):
 PSYoungGen      total 26624K, used 1393K [0x00000007eab00000, 0x00000007eca80000, 0x0000000800000000)
  eden space 25088K, 0% used [0x00000007eab00000,0x00000007eab00000,0x00000007ec380000)
  from space 1536K, 90% used [0x00000007ec900000,0x00000007eca5c6d0,0x00000007eca80000)
  to   space 3072K, 0% used [0x00000007ec480000,0x00000007ec480000,0x00000007ec780000)
 ParOldGen       total 68608K, used 10563K [0x00000007c0000000, 0x00000007c4300000, 0x00000007eab00000)
  object space 68608K, 15% used [0x00000007c0000000,0x00000007c0a50dc0,0x00000007c4300000)
 Metaspace       used 24492K, committed 24960K, reserved 1114112K
  class space    used 2525K, committed 2752K, reserved 1048576K
}
Event: 16.953 GC heap before
{Heap before GC invocations=8 (full 1):
 PSYoungGen      total 26624K, used 26481K [0x00000007eab00000, 0x00000007eca80000, 0x0000000800000000)
  eden space 25088K, 100% used [0x00000007eab00000,0x00000007ec380000,0x00000007ec380000)
  from space 1536K, 90% used [0x00000007ec900000,0x00000007eca5c6d0,0x00000007eca80000)
  to   space 3072K, 0% used [0x00000007ec480000,0x00000007ec480000,0x00000007ec780000)
 ParOldGen       total 68608K, used 10563K [0x00000007c0000000, 0x00000007c4300000, 0x00000007eab00000)
  object space 68608K, 15% used [0x00000007c0000000,0x00000007c0a50dc0,0x00000007c4300000)
 Metaspace       used 27242K, committed 27904K, reserved 1114112K
  class space    used 2870K, committed 3136K, reserved 1048576K
}
Event: 16.957 GC heap after
{Heap after GC invocations=8 (full 1):
 PSYoungGen      total 27648K, used 2962K [0x00000007eab00000, 0x00000007eca00000, 0x0000000800000000)
  eden space 24576K, 0% used [0x00000007eab00000,0x00000007eab00000,0x00000007ec300000)
  from space 3072K, 96% used [0x00000007ec480000,0x00000007ec764a50,0x00000007ec780000)
  to   space 2560K, 0% used [0x00000007ec780000,0x00000007ec780000,0x00000007eca00000)
 ParOldGen       total 68608K, used 10571K [0x00000007c0000000, 0x00000007c4300000, 0x00000007eab00000)
  object space 68608K, 15% used [0x00000007c0000000,0x00000007c0a52dc0,0x00000007c4300000)
 Metaspace       used 27242K, committed 27904K, reserved 1114112K
  class space    used 2870K, committed 3136K, reserved 1048576K
}
Event: 18.051 GC heap before
{Heap before GC invocations=9 (full 1):
 PSYoungGen      total 27648K, used 27538K [0x00000007eab00000, 0x00000007eca00000, 0x0000000800000000)
  eden space 24576K, 100% used [0x00000007eab00000,0x00000007ec300000,0x00000007ec300000)
  from space 3072K, 96% used [0x00000007ec480000,0x00000007ec764a50,0x00000007ec780000)
  to   space 2560K, 0% used [0x00000007ec780000,0x00000007ec780000,0x00000007eca00000)
 ParOldGen       total 68608K, used 10571K [0x00000007c0000000, 0x00000007c4300000, 0x00000007eab00000)
  object space 68608K, 15% used [0x00000007c0000000,0x00000007c0a52dc0,0x00000007c4300000)
 Metaspace       used 29435K, committed 30144K, reserved 1114112K
  class space    used 3050K, committed 3392K, reserved 1048576K
}
Event: 18.056 GC heap after
{Heap after GC invocations=9 (full 1):
 PSYoungGen      total 26624K, used 2558K [0x00000007eab00000, 0x00000007ecb80000, 0x0000000800000000)
  eden space 24064K, 0% used [0x00000007eab00000,0x00000007eab00000,0x00000007ec280000)
  from space 2560K, 99% used [0x00000007ec780000,0x00000007ec9ff918,0x00000007eca00000)
  to   space 4608K, 0% used [0x00000007ec280000,0x00000007ec280000,0x00000007ec700000)
 ParOldGen       total 68608K, used 11989K [0x00000007c0000000, 0x00000007c4300000, 0x00000007eab00000)
  object space 68608K, 17% used [0x00000007c0000000,0x00000007c0bb5550,0x00000007c4300000)
 Metaspace       used 29435K, committed 30144K, reserved 1114112K
  class space    used 3050K, committed 3392K, reserved 1048576K
}
Event: 18.745 GC heap before
{Heap before GC invocations=10 (full 1):
 PSYoungGen      total 26624K, used 26622K [0x00000007eab00000, 0x00000007ecb80000, 0x0000000800000000)
  eden space 24064K, 100% used [0x00000007eab00000,0x00000007ec280000,0x00000007ec280000)
  from space 2560K, 99% used [0x00000007ec780000,0x00000007ec9ff918,0x00000007eca00000)
  to   space 4608K, 0% used [0x00000007ec280000,0x00000007ec280000,0x00000007ec700000)
 ParOldGen       total 68608K, used 11989K [0x00000007c0000000, 0x00000007c4300000, 0x00000007eab00000)
  object space 68608K, 17% used [0x00000007c0000000,0x00000007c0bb5740,0x00000007c4300000)
 Metaspace       used 33246K, committed 33984K, reserved 1114112K
  class space    used 3422K, committed 3776K, reserved 1048576K
}
Event: 18.750 GC heap after
{Heap after GC invocations=10 (full 1):
 PSYoungGen      total 26624K, used 2176K [0x00000007eab00000, 0x00000007ec880000, 0x0000000800000000)
  eden space 24064K, 0% used [0x00000007eab00000,0x00000007eab00000,0x00000007ec280000)
  from space 2560K, 85% used [0x00000007ec280000,0x00000007ec4a0218,0x00000007ec500000)
  to   space 3072K, 0% used [0x00000007ec580000,0x00000007ec580000,0x00000007ec880000)
 ParOldGen       total 68608K, used 12806K [0x00000007c0000000, 0x00000007c4300000, 0x00000007eab00000)
  object space 68608K, 18% used [0x00000007c0000000,0x00000007c0c81b10,0x00000007c4300000)
 Metaspace       used 33246K, committed 33984K, reserved 1114112K
  class space    used 3422K, committed 3776K, reserved 1048576K
}
Event: 19.106 GC heap before
{Heap before GC invocations=11 (full 1):
 PSYoungGen      total 26624K, used 19106K [0x00000007eab00000, 0x00000007ec880000, 0x0000000800000000)
  eden space 24064K, 70% used [0x00000007eab00000,0x00000007ebb88980,0x00000007ec280000)
  from space 2560K, 85% used [0x00000007ec280000,0x00000007ec4a0218,0x00000007ec500000)
  to   space 3072K, 0% used [0x00000007ec580000,0x00000007ec580000,0x00000007ec880000)
 ParOldGen       total 68608K, used 12806K [0x00000007c0000000, 0x00000007c4300000, 0x00000007eab00000)
  object space 68608K, 18% used [0x00000007c0000000,0x00000007c0c81b10,0x00000007c4300000)
 Metaspace       used 35128K, committed 35840K, reserved 1114112K
  class space    used 3634K, committed 3968K, reserved 1048576K
}
Event: 19.117 GC heap after
{Heap after GC invocations=11 (full 1):
 PSYoungGen      total 26624K, used 2280K [0x00000007eab00000, 0x00000007ec800000, 0x0000000800000000)
  eden space 24064K, 0% used [0x00000007eab00000,0x00000007eab00000,0x00000007ec280000)
  from space 2560K, 89% used [0x00000007ec580000,0x00000007ec7ba2b0,0x00000007ec800000)
  to   space 2560K, 0% used [0x00000007ec280000,0x00000007ec280000,0x00000007ec500000)
 ParOldGen       total 68608K, used 14567K [0x00000007c0000000, 0x00000007c4300000, 0x00000007eab00000)
  object space 68608K, 21% used [0x00000007c0000000,0x00000007c0e39ee0,0x00000007c4300000)
 Metaspace       used 35128K, committed 35840K, reserved 1114112K
  class space    used 3634K, committed 3968K, reserved 1048576K
}
Event: 19.117 GC heap before
{Heap before GC invocations=12 (full 2):
 PSYoungGen      total 26624K, used 2280K [0x00000007eab00000, 0x00000007ec800000, 0x0000000800000000)
  eden space 24064K, 0% used [0x00000007eab00000,0x00000007eab00000,0x00000007ec280000)
  from space 2560K, 89% used [0x00000007ec580000,0x00000007ec7ba2b0,0x00000007ec800000)
  to   space 2560K, 0% used [0x00000007ec280000,0x00000007ec280000,0x00000007ec500000)
 ParOldGen       total 68608K, used 14567K [0x00000007c0000000, 0x00000007c4300000, 0x00000007eab00000)
  object space 68608K, 21% used [0x00000007c0000000,0x00000007c0e39ee0,0x00000007c4300000)
 Metaspace       used 35128K, committed 35840K, reserved 1114112K
  class space    used 3634K, committed 3968K, reserved 1048576K
}
Event: 19.218 GC heap after
{Heap after GC invocations=12 (full 2):
 PSYoungGen      total 26624K, used 0K [0x00000007eab00000, 0x00000007ec800000, 0x0000000800000000)
  eden space 24064K, 0% used [0x00000007eab00000,0x00000007eab00000,0x00000007ec280000)
  from space 2560K, 0% used [0x00000007ec580000,0x00000007ec580000,0x00000007ec800000)
  to   space 2560K, 0% used [0x00000007ec280000,0x00000007ec280000,0x00000007ec500000)
 ParOldGen       total 68608K, used 14514K [0x00000007c0000000, 0x00000007c4300000, 0x00000007eab00000)
  object space 68608K, 21% used [0x00000007c0000000,0x00000007c0e2c8f0,0x00000007c4300000)
 Metaspace       used 35115K, committed 35840K, reserved 1114112K
  class space    used 3631K, committed 3968K, reserved 1048576K
}
Event: 19.615 GC heap before
{Heap before GC invocations=13 (full 2):
 PSYoungGen      total 26624K, used 24064K [0x00000007eab00000, 0x00000007ec800000, 0x0000000800000000)
  eden space 24064K, 100% used [0x00000007eab00000,0x00000007ec280000,0x00000007ec280000)
  from space 2560K, 0% used [0x00000007ec580000,0x00000007ec580000,0x00000007ec800000)
  to   space 2560K, 0% used [0x00000007ec280000,0x00000007ec280000,0x00000007ec500000)
 ParOldGen       total 68608K, used 14590K [0x00000007c0000000, 0x00000007c4300000, 0x00000007eab00000)
  object space 68608K, 21% used [0x00000007c0000000,0x00000007c0e3f818,0x00000007c4300000)
 Metaspace       used 36387K, committed 37056K, reserved 1114112K
  class space    used 3727K, committed 4032K, reserved 1048576K
}
Event: 19.634 GC heap after
{Heap after GC invocations=13 (full 2):
 PSYoungGen      total 24576K, used 907K [0x00000007eab00000, 0x00000007ec600000, 0x0000000800000000)
  eden space 23552K, 0% used [0x00000007eab00000,0x00000007eab00000,0x00000007ec200000)
  from space 1024K, 88% used [0x00000007ec280000,0x00000007ec362e38,0x00000007ec380000)
  to   space 1536K, 0% used [0x00000007ec480000,0x00000007ec480000,0x00000007ec600000)
 ParOldGen       total 68608K, used 14590K [0x00000007c0000000, 0x00000007c4300000, 0x00000007eab00000)
  object space 68608K, 21% used [0x00000007c0000000,0x00000007c0e3f818,0x00000007c4300000)
 Metaspace       used 36387K, committed 37056K, reserved 1114112K
  class space    used 3727K, committed 4032K, reserved 1048576K
}
Event: 20.508 GC heap before
{Heap before GC invocations=14 (full 2):
 PSYoungGen      total 24576K, used 24459K [0x00000007eab00000, 0x00000007ec600000, 0x0000000800000000)
  eden space 23552K, 100% used [0x00000007eab00000,0x00000007ec200000,0x00000007ec200000)
  from space 1024K, 88% used [0x00000007ec280000,0x00000007ec362e38,0x00000007ec380000)
  to   space 1536K, 0% used [0x00000007ec480000,0x00000007ec480000,0x00000007ec600000)
 ParOldGen       total 68608K, used 14590K [0x00000007c0000000, 0x00000007c4300000, 0x00000007eab00000)
  object space 68608K, 21% used [0x00000007c0000000,0x00000007c0e3f818,0x00000007c4300000)
 Metaspace       used 39084K, committed 39936K, reserved 1114112K
  class space    used 4063K, committed 4416K, reserved 1048576K
}
Event: 20.525 GC heap after
{Heap after GC invocations=14 (full 2):
 PSYoungGen      total 24576K, used 1281K [0x00000007eab00000, 0x00000007ec600000, 0x0000000800000000)
  eden space 23040K, 0% used [0x00000007eab00000,0x00000007eab00000,0x00000007ec180000)
  from space 1536K, 83% used [0x00000007ec480000,0x00000007ec5c0760,0x00000007ec600000)
  to   space 1536K, 0% used [0x00000007ec300000,0x00000007ec300000,0x00000007ec480000)
 ParOldGen       total 68608K, used 15140K [0x00000007c0000000, 0x00000007c4300000, 0x00000007eab00000)
  object space 68608K, 22% used [0x00000007c0000000,0x00000007c0ec9148,0x00000007c4300000)
 Metaspace       used 39084K, committed 39936K, reserved 1114112K
  class space    used 4063K, committed 4416K, reserved 1048576K
}
Event: 21.270 GC heap before
{Heap before GC invocations=15 (full 2):
 PSYoungGen      total 24576K, used 24321K [0x00000007eab00000, 0x00000007ec600000, 0x0000000800000000)
  eden space 23040K, 100% used [0x00000007eab00000,0x00000007ec180000,0x00000007ec180000)
  from space 1536K, 83% used [0x00000007ec480000,0x00000007ec5c0760,0x00000007ec600000)
  to   space 1536K, 0% used [0x00000007ec300000,0x00000007ec300000,0x00000007ec480000)
 ParOldGen       total 68608K, used 15140K [0x00000007c0000000, 0x00000007c4300000, 0x00000007eab00000)
  object space 68608K, 22% used [0x00000007c0000000,0x00000007c0ec9148,0x00000007c4300000)
 Metaspace       used 41671K, committed 42560K, reserved 1114112K
  class space    used 4369K, committed 4736K, reserved 1048576K
}
Event: 21.290 GC heap after
{Heap after GC invocations=15 (full 2):
 PSYoungGen      total 23552K, used 955K [0x00000007eab00000, 0x00000007ec500000, 0x0000000800000000)
  eden space 22528K, 0% used [0x00000007eab00000,0x00000007eab00000,0x00000007ec100000)
  from space 1024K, 93% used [0x00000007ec300000,0x00000007ec3eed88,0x00000007ec400000)
  to   space 1024K, 0% used [0x00000007ec400000,0x00000007ec400000,0x00000007ec500000)
 ParOldGen       total 68608K, used 16103K [0x00000007c0000000, 0x00000007c4300000, 0x00000007eab00000)
  object space 68608K, 23% used [0x00000007c0000000,0x00000007c0fb9f48,0x00000007c4300000)
 Metaspace       used 41671K, committed 42560K, reserved 1114112K
  class space    used 4369K, committed 4736K, reserved 1048576K
}
Event: 22.052 GC heap before
{Heap before GC invocations=16 (full 2):
 PSYoungGen      total 23552K, used 23483K [0x00000007eab00000, 0x00000007ec500000, 0x0000000800000000)
  eden space 22528K, 100% used [0x00000007eab00000,0x00000007ec100000,0x00000007ec100000)
  from space 1024K, 93% used [0x00000007ec300000,0x00000007ec3eed88,0x00000007ec400000)
  to   space 1024K, 0% used [0x00000007ec400000,0x00000007ec400000,0x00000007ec500000)
 ParOldGen       total 68608K, used 16103K [0x00000007c0000000, 0x00000007c4300000, 0x00000007eab00000)
  object space 68608K, 23% used [0x00000007c0000000,0x00000007c0fb9f48,0x00000007c4300000)
 Metaspace       used 44165K, committed 45120K, reserved 1114112K
  class space    used 4710K, committed 5120K, reserved 1048576K
}
Event: 22.070 GC heap after
{Heap after GC invocations=16 (full 2):
 PSYoungGen      total 23040K, used 1024K [0x00000007eab00000, 0x00000007ec500000, 0x0000000800000000)
  eden space 22016K, 0% used [0x00000007eab00000,0x00000007eab00000,0x00000007ec080000)
  from space 1024K, 100% used [0x00000007ec400000,0x00000007ec500000,0x00000007ec500000)
  to   space 2048K, 0% used [0x00000007ec100000,0x00000007ec100000,0x00000007ec300000)
 ParOldGen       total 68608K, used 16953K [0x00000007c0000000, 0x00000007c4300000, 0x00000007eab00000)
  object space 68608K, 24% used [0x00000007c0000000,0x00000007c108e5a0,0x00000007c4300000)
 Metaspace       used 44165K, committed 45120K, reserved 1114112K
  class space    used 4710K, committed 5120K, reserved 1048576K
}

